# cd /opt/centraldogma
# cd /log
/bin/sh: 2: cd: can't cd to /log
# ls
LICENSE.txt  NOTICE.txt  README.md  bin  conf  data  lib  licenses  log
# cd ./log
# ls
access.log  centraldogma.log  centraldogma.stderr  centraldogma.stdout
# tail -f centraldogma.log
at java.base/java.util.concurrent.ThreadPoolExecutor$Worker.run(Unknown Source)
at java.base/java.lang.Thread.run(Unknown Source)
2024-05-25 08:31:55.073 [INFO ](c.l.c.s.i.r.ZooKeeperCommandExecutor) [command-executor-0x1115e11f] Waiting for the ZooKeeper peer (1) to join the cluster ..
2024-05-25 08:31:56.074 [INFO ](c.l.c.s.i.r.ZooKeeperCommandExecutor) [command-executor-0x1115e11f] Waiting for the ZooKeeper peer (1) to join the cluster ..
2024-05-25 08:31:57.080 [INFO ](c.l.c.s.i.r.ZooKeeperCommandExecutor) [command-executor-0x1115e11f] Waiting for the ZooKeeper peer (1) to join the cluster ..
2024-05-25 08:31:58.082 [INFO ](c.l.c.s.i.r.ZooKeeperCommandExecutor) [command-executor-0x1115e11f] Waiting for the ZooKeeper peer (1) to join the cluster ..
2024-05-25 08:31:59.085 [INFO ](c.l.c.s.i.r.ZooKeeperCommandExecutor) [command-executor-0x1115e11f] Waiting for the ZooKeeper peer (1) to join the cluster ..
2024-05-25 08:32:00.087 [INFO ](c.l.c.s.i.r.ZooKeeperCommandExecutor) [command-executor-0x1115e11f] Waiting for the ZooKeeper peer (1) to join the cluster ..
2024-05-25 08:32:01.089 [INFO ](c.l.c.s.i.r.ZooKeeperCommandExecutor) [command-executor-0x1115e11f] Waiting for the ZooKeeper peer (1) to join the cluster ..
2024-05-25 08:32:02.091 [INFO ](c.l.c.s.i.r.ZooKeeperCommandExecutor) [command-executor-0x1115e11f] Waiting for the ZooKeeper peer (1) to join the cluster ..
2024-05-25 08:32:03.093 [INFO ](c.l.c.s.i.r.ZooKeeperCommandExecutor) [command-executor-0x1115e11f] Waiting for the ZooKeeper peer (1) to join the cluster ..
2024-05-25 08:32:04.094 [INFO ](c.l.c.s.i.r.ZooKeeperCommandExecutor) [command-executor-0x1115e11f] Waiting for the ZooKeeper peer (1) to join the cluster ..
2024-05-25 08:32:05.096 [INFO ](c.l.c.s.i.r.ZooKeeperCommandExecutor) [command-executor-0x1115e11f] Waiting for the ZooKeeper peer (1) to join the cluster ..
2024-05-25 08:32:06.098 [INFO ](c.l.c.s.i.r.ZooKeeperCommandExecutor) [command-executor-0x1115e11f] Waiting for the ZooKeeper peer (1) to join the cluster ..
2024-05-25 08:32:07.101 [INFO ](c.l.c.s.i.r.ZooKeeperCommandExecutor) [command-executor-0x1115e11f] Waiting for the ZooKeeper peer (1) to join the cluster ..
2024-05-25 08:32:07.729 [WARN ](o.a.z.s.q.QuorumCnxManager) [QuorumConnectionThread-[myid=1]-2] Cannot open channel to 2 at election address /172.21.0.3:36464
java.net.NoRouteToHostException: No route to host (Host unreachable)
at java.base/java.net.PlainSocketImpl.socketConnect(Native Method)
at java.base/java.net.AbstractPlainSocketImpl.doConnect(Unknown Source)
at java.base/java.net.AbstractPlainSocketImpl.connectToAddress(Unknown Source)
at java.base/java.net.AbstractPlainSocketImpl.connect(Unknown Source)
at java.base/java.net.SocksSocketImpl.connect(Unknown Source)
at java.base/java.net.Socket.connect(Unknown Source)
at org.apache.zookeeper.server.quorum.QuorumCnxManager.initiateConnection(QuorumCnxManager.java:373)
at org.apache.zookeeper.server.quorum.QuorumCnxManager$QuorumConnectionReqThread.run(QuorumCnxManager.java:436)
at java.base/java.util.concurrent.ThreadPoolExecutor.runWorker(Unknown Source)
at java.base/java.util.concurrent.ThreadPoolExecutor$Worker.run(Unknown Source)
at java.base/java.lang.Thread.run(Unknown Source)
2024-05-25 08:32:07.729 [WARN ](o.a.z.s.q.QuorumCnxManager) [QuorumConnectionThread-[myid=1]-3] Cannot open channel to 3 at election address /172.21.0.4:36464
java.net.NoRouteToHostException: No route to host (Host unreachable)
at java.base/java.net.PlainSocketImpl.socketConnect(Native Method)
at java.base/java.net.AbstractPlainSocketImpl.doConnect(Unknown Source)
at java.base/java.net.AbstractPlainSocketImpl.connectToAddress(Unknown Source)
at java.base/java.net.AbstractPlainSocketImpl.connect(Unknown Source)
at java.base/java.net.SocksSocketImpl.connect(Unknown Source)
at java.base/java.net.Socket.connect(Unknown Source)
at org.apache.zookeeper.server.quorum.QuorumCnxManager.initiateConnection(QuorumCnxManager.java:373)
at org.apache.zookeeper.server.quorum.QuorumCnxManager$QuorumConnectionReqThread.run(QuorumCnxManager.java:436)
at java.base/java.util.concurrent.ThreadPoolExecutor.runWorker(Unknown Source)
at java.base/java.util.concurrent.ThreadPoolExecutor$Worker.run(Unknown Source)
at java.base/java.lang.Thread.run(Unknown Source)
2024-05-25 08:32:08.104 [INFO ](c.l.c.s.i.r.ZooKeeperCommandExecutor) [command-executor-0x1115e11f] Waiting for the ZooKeeper peer (1) to join the cluster ..
2024-05-25 08:32:09.107 [INFO ](c.l.c.s.i.r.ZooKeeperCommandExecutor) [command-executor-0x1115e11f] Waiting for the ZooKeeper peer (1) to join the cluster ..
2024-05-25 08:32:10.110 [INFO ](c.l.c.s.i.r.ZooKeeperCommandExecutor) [command-executor-0x1115e11f] Waiting for the ZooKeeper peer (1) to join the cluster ..
2024-05-25 08:32:11.112 [INFO ](c.l.c.s.i.r.ZooKeeperCommandExecutor) [command-executor-0x1115e11f] Waiting for the ZooKeeper peer (1) to join the cluster ..
2024-05-25 08:32:12.115 [INFO ](c.l.c.s.i.r.ZooKeeperCommandExecutor) [command-executor-0x1115e11f] Waiting for the ZooKeeper peer (1) to join the cluster ..
2024-05-25 08:32:13.117 [INFO ](c.l.c.s.i.r.ZooKeeperCommandExecutor) [command-executor-0x1115e11f] Waiting for the ZooKeeper peer (1) to join the cluster ..
2024-05-25 08:32:14.123 [INFO ](c.l.c.s.i.r.ZooKeeperCommandExecutor) [command-executor-0x1115e11f] Waiting for the ZooKeeper peer (1) to join the cluster ..
2024-05-25 08:32:15.126 [INFO ](c.l.c.s.i.r.ZooKeeperCommandExecutor) [command-executor-0x1115e11f] Waiting for the ZooKeeper peer (1) to join the cluster ..
2024-05-25 08:32:16.130 [INFO ](c.l.c.s.i.r.ZooKeeperCommandExecutor) [command-executor-0x1115e11f] Waiting for the ZooKeeper peer (1) to join the cluster ..
2024-05-25 08:32:17.133 [INFO ](c.l.c.s.i.r.ZooKeeperCommandExecutor) [command-executor-0x1115e11f] Waiting for the ZooKeeper peer (1) to join the cluster ..
2024-05-25 08:32:18.135 [INFO ](c.l.c.s.i.r.ZooKeeperCommandExecutor) [command-executor-0x1115e11f] Waiting for the ZooKeeper peer (1) to join the cluster ..
2024-05-25 08:32:19.138 [INFO ](c.l.c.s.i.r.ZooKeeperCommandExecutor) [command-executor-0x1115e11f] Waiting for the ZooKeeper peer (1) to join the cluster ..
2024-05-25 08:32:20.139 [INFO ](c.l.c.s.i.r.ZooKeeperCommandExecutor) [command-executor-0x1115e11f] Waiting for the ZooKeeper peer (1) to join the cluster ..
2024-05-25 08:32:21.142 [INFO ](c.l.c.s.i.r.ZooKeeperCommandExecutor) [command-executor-0x1115e11f] Waiting for the ZooKeeper peer (1) to join the cluster ..
2024-05-25 08:32:22.144 [INFO ](c.l.c.s.i.r.ZooKeeperCommandExecutor) [command-executor-0x1115e11f] Waiting for the ZooKeeper peer (1) to join the cluster ..
2024-05-25 08:32:23.146 [INFO ](c.l.c.s.i.r.ZooKeeperCommandExecutor) [command-executor-0x1115e11f] Waiting for the ZooKeeper peer (1) to join the cluster ..
2024-05-25 08:32:24.149 [INFO ](c.l.c.s.i.r.ZooKeeperCommandExecutor) [command-executor-0x1115e11f] Waiting for the ZooKeeper peer (1) to join the cluster ..
2024-05-25 08:32:25.151 [INFO ](c.l.c.s.i.r.ZooKeeperCommandExecutor) [command-executor-0x1115e11f] Waiting for the ZooKeeper peer (1) to join the cluster ..
2024-05-25 08:32:26.153 [INFO ](c.l.c.s.i.r.ZooKeeperCommandExecutor) [command-executor-0x1115e11f] Waiting for the ZooKeeper peer (1) to join the cluster ..
2024-05-25 08:32:27.156 [INFO ](c.l.c.s.i.r.ZooKeeperCommandExecutor) [command-executor-0x1115e11f] Waiting for the ZooKeeper peer (1) to join the cluster ..
2024-05-25 08:32:28.159 [INFO ](c.l.c.s.i.r.ZooKeeperCommandExecutor) [command-executor-0x1115e11f] Waiting for the ZooKeeper peer (1) to join the cluster ..
2024-05-25 08:32:29.163 [INFO ](c.l.c.s.i.r.ZooKeeperCommandExecutor) [command-executor-0x1115e11f] Waiting for the ZooKeeper peer (1) to join the cluster ..
2024-05-25 08:32:30.166 [INFO ](c.l.c.s.i.r.ZooKeeperCommandExecutor) [command-executor-0x1115e11f] Waiting for the ZooKeeper peer (1) to join the cluster ..
2024-05-25 08:32:31.168 [INFO ](c.l.c.s.i.r.ZooKeeperCommandExecutor) [command-executor-0x1115e11f] Waiting for the ZooKeeper peer (1) to join the cluster ..
2024-05-25 08:32:32.171 [INFO ](c.l.c.s.i.r.ZooKeeperCommandExecutor) [command-executor-0x1115e11f] Waiting for the ZooKeeper peer (1) to join the cluster ..
2024-05-25 08:32:33.174 [INFO ](c.l.c.s.i.r.ZooKeeperCommandExecutor) [command-executor-0x1115e11f] Waiting for the ZooKeeper peer (1) to join the cluster ..
2024-05-25 08:32:33.329 [WARN ](o.a.z.s.q.QuorumCnxManager) [QuorumConnectionThread-[myid=1]-2] Cannot open channel to 3 at election address /172.21.0.4:36464
java.net.NoRouteToHostException: No route to host (Host unreachable)
at java.base/java.net.PlainSocketImpl.socketConnect(Native Method)
at java.base/java.net.AbstractPlainSocketImpl.doConnect(Unknown Source)
at java.base/java.net.AbstractPlainSocketImpl.connectToAddress(Unknown Source)
at java.base/java.net.AbstractPlainSocketImpl.connect(Unknown Source)
at java.base/java.net.SocksSocketImpl.connect(Unknown Source)
at java.base/java.net.Socket.connect(Unknown Source)
at org.apache.zookeeper.server.quorum.QuorumCnxManager.initiateConnection(QuorumCnxManager.java:373)
at org.apache.zookeeper.server.quorum.QuorumCnxManager$QuorumConnectionReqThread.run(QuorumCnxManager.java:436)
at java.base/java.util.concurrent.ThreadPoolExecutor.runWorker(Unknown Source)
at java.base/java.util.concurrent.ThreadPoolExecutor$Worker.run(Unknown Source)
at java.base/java.lang.Thread.run(Unknown Source)
2024-05-25 08:32:33.329 [WARN ](o.a.z.s.q.QuorumCnxManager) [QuorumConnectionThread-[myid=1]-3] Cannot open channel to 2 at election address /172.21.0.3:36464
java.net.NoRouteToHostException: No route to host (Host unreachable)
at java.base/java.net.PlainSocketImpl.socketConnect(Native Method)
at java.base/java.net.AbstractPlainSocketImpl.doConnect(Unknown Source)
at java.base/java.net.AbstractPlainSocketImpl.connectToAddress(Unknown Source)
at java.base/java.net.AbstractPlainSocketImpl.connect(Unknown Source)
at java.base/java.net.SocksSocketImpl.connect(Unknown Source)
at java.base/java.net.Socket.connect(Unknown Source)
at org.apache.zookeeper.server.quorum.QuorumCnxManager.initiateConnection(QuorumCnxManager.java:373)
at org.apache.zookeeper.server.quorum.QuorumCnxManager$QuorumConnectionReqThread.run(QuorumCnxManager.java:436)
at java.base/java.util.concurrent.ThreadPoolExecutor.runWorker(Unknown Source)
at java.base/java.util.concurrent.ThreadPoolExecutor$Worker.run(Unknown Source)
at java.base/java.lang.Thread.run(Unknown Source)
2024-05-25 08:32:34.176 [INFO ](c.l.c.s.i.r.ZooKeeperCommandExecutor) [command-executor-0x1115e11f] Waiting for the ZooKeeper peer (1) to join the cluster ..
2024-05-25 08:32:35.178 [INFO ](c.l.c.s.i.r.ZooKeeperCommandExecutor) [command-executor-0x1115e11f] Waiting for the ZooKeeper peer (1) to join the cluster ..
2024-05-25 08:32:36.179 [INFO ](c.l.c.s.i.r.ZooKeeperCommandExecutor) [command-executor-0x1115e11f] Waiting for the ZooKeeper peer (1) to join the cluster ..
2024-05-25 08:32:37.182 [INFO ](c.l.c.s.i.r.ZooKeeperCommandExecutor) [command-executor-0x1115e11f] Waiting for the ZooKeeper peer (1) to join the cluster ..
2024-05-25 08:32:38.184 [INFO ](c.l.c.s.i.r.ZooKeeperCommandExecutor) [command-executor-0x1115e11f] Waiting for the ZooKeeper peer (1) to join the cluster ..
2024-05-25 08:32:39.185 [INFO ](c.l.c.s.i.r.ZooKeeperCommandExecutor) [command-executor-0x1115e11f] Waiting for the ZooKeeper peer (1) to join the cluster ..
2024-05-25 08:32:40.186 [INFO ](c.l.c.s.i.r.ZooKeeperCommandExecutor) [command-executor-0x1115e11f] Waiting for the ZooKeeper peer (1) to join the cluster ..
2024-05-25 08:32:41.187 [INFO ](c.l.c.s.i.r.ZooKeeperCommandExecutor) [command-executor-0x1115e11f] Waiting for the ZooKeeper peer (1) to join the cluster ..
2024-05-25 08:32:42.191 [INFO ](c.l.c.s.i.r.ZooKeeperCommandExecutor) [command-executor-0x1115e11f] Waiting for the ZooKeeper peer (1) to join the cluster ..
2024-05-25 08:32:43.193 [INFO ](c.l.c.s.i.r.ZooKeeperCommandExecutor) [command-executor-0x1115e11f] Waiting for the ZooKeeper peer (1) to join the cluster ..
2024-05-25 08:32:44.202 [INFO ](c.l.c.s.i.r.ZooKeeperCommandExecutor) [command-executor-0x1115e11f] Waiting for the ZooKeeper peer (1) to join the cluster ..
2024-05-25 08:32:45.206 [INFO ](c.l.c.s.i.r.ZooKeeperCommandExecutor) [command-executor-0x1115e11f] Waiting for the ZooKeeper peer (1) to join the cluster ..
2024-05-25 08:32:46.209 [INFO ](c.l.c.s.i.r.ZooKeeperCommandExecutor) [command-executor-0x1115e11f] Waiting for the ZooKeeper peer (1) to join the cluster ..
2024-05-25 08:32:47.213 [INFO ](c.l.c.s.i.r.ZooKeeperCommandExecutor) [command-executor-0x1115e11f] Waiting for the ZooKeeper peer (1) to join the cluster ..
2024-05-25 08:32:48.217 [INFO ](c.l.c.s.i.r.ZooKeeperCommandExecutor) [command-executor-0x1115e11f] Waiting for the ZooKeeper peer (1) to join the cluster ..
2024-05-25 08:32:49.220 [INFO ](c.l.c.s.i.r.ZooKeeperCommandExecutor) [command-executor-0x1115e11f] Waiting for the ZooKeeper peer (1) to join the cluster ..
2024-05-25 08:32:50.224 [INFO ](c.l.c.s.i.r.ZooKeeperCommandExecutor) [command-executor-0x1115e11f] Waiting for the ZooKeeper peer (1) to join the cluster ..
2024-05-25 08:32:51.231 [INFO ](c.l.c.s.i.r.ZooKeeperCommandExecutor) [command-executor-0x1115e11f] Waiting for the ZooKeeper peer (1) to join the cluster ..
2024-05-25 08:32:52.240 [INFO ](c.l.c.s.i.r.ZooKeeperCommandExecutor) [command-executor-0x1115e11f] Waiting for the ZooKeeper peer (1) to join the cluster ..
2024-05-25 08:32:53.246 [INFO ](c.l.c.s.i.r.ZooKeeperCommandExecutor) [command-executor-0x1115e11f] Waiting for the ZooKeeper peer (1) to join the cluster ..
2024-05-25 08:32:54.248 [INFO ](c.l.c.s.i.r.ZooKeeperCommandExecutor) [command-executor-0x1115e11f] Waiting for the ZooKeeper peer (1) to join the cluster ..
2024-05-25 08:32:55.252 [INFO ](c.l.c.s.i.r.ZooKeeperCommandExecutor) [command-executor-0x1115e11f] Waiting for the ZooKeeper peer (1) to join the cluster ..
2024-05-25 08:32:56.255 [INFO ](c.l.c.s.i.r.ZooKeeperCommandExecutor) [command-executor-0x1115e11f] Waiting for the ZooKeeper peer (1) to join the cluster ..
2024-05-25 08:32:57.258 [INFO ](c.l.c.s.i.r.ZooKeeperCommandExecutor) [command-executor-0x1115e11f] Waiting for the ZooKeeper peer (1) to join the cluster ..
2024-05-25 08:32:58.259 [INFO ](c.l.c.s.i.r.ZooKeeperCommandExecutor) [command-executor-0x1115e11f] Waiting for the ZooKeeper peer (1) to join the cluster ..
2024-05-25 08:32:59.263 [INFO ](c.l.c.s.i.r.ZooKeeperCommandExecutor) [command-executor-0x1115e11f] Waiting for the ZooKeeper peer (1) to join the cluster ..
2024-05-25 08:33:00.270 [INFO ](c.l.c.s.i.r.ZooKeeperCommandExecutor) [command-executor-0x1115e11f] Waiting for the ZooKeeper peer (1) to join the cluster ..
2024-05-25 08:33:01.273 [INFO ](c.l.c.s.i.r.ZooKeeperCommandExecutor) [command-executor-0x1115e11f] Waiting for the ZooKeeper peer (1) to join the cluster ..
2024-05-25 08:33:02.276 [INFO ](c.l.c.s.i.r.ZooKeeperCommandExecutor) [command-executor-0x1115e11f] Waiting for the ZooKeeper peer (1) to join the cluster ..
2024-05-25 08:33:03.278 [INFO ](c.l.c.s.i.r.ZooKeeperCommandExecutor) [command-executor-0x1115e11f] Waiting for the ZooKeeper peer (1) to join the cluster ..
2024-05-25 08:33:04.279 [INFO ](c.l.c.s.i.r.ZooKeeperCommandExecutor) [command-executor-0x1115e11f] Waiting for the ZooKeeper peer (1) to join the cluster ..
2024-05-25 08:33:05.280 [INFO ](c.l.c.s.i.r.ZooKeeperCommandExecutor) [command-executor-0x1115e11f] Waiting for the ZooKeeper peer (1) to join the cluster ..
2024-05-25 08:33:06.283 [INFO ](c.l.c.s.i.r.ZooKeeperCommandExecutor) [command-executor-0x1115e11f] Waiting for the ZooKeeper peer (1) to join the cluster ..
2024-05-25 08:33:07.285 [INFO ](c.l.c.s.i.r.ZooKeeperCommandExecutor) [command-executor-0x1115e11f] Waiting for the ZooKeeper peer (1) to join the cluster ..
2024-05-25 08:33:08.289 [INFO ](c.l.c.s.i.r.ZooKeeperCommandExecutor) [command-executor-0x1115e11f] Waiting for the ZooKeeper peer (1) to join the cluster ..
2024-05-25 08:33:09.291 [INFO ](c.l.c.s.i.r.ZooKeeperCommandExecutor) [command-executor-0x1115e11f] Waiting for the ZooKeeper peer (1) to join the cluster ..
2024-05-25 08:33:10.294 [INFO ](c.l.c.s.i.r.ZooKeeperCommandExecutor) [command-executor-0x1115e11f] Waiting for the ZooKeeper peer (1) to join the cluster ..
2024-05-25 08:33:11.300 [INFO ](c.l.c.s.i.r.ZooKeeperCommandExecutor) [command-executor-0x1115e11f] Waiting for the ZooKeeper peer (1) to join the cluster ..
2024-05-25 08:33:12.303 [INFO ](c.l.c.s.i.r.ZooKeeperCommandExecutor) [command-executor-0x1115e11f] Waiting for the ZooKeeper peer (1) to join the cluster ..
2024-05-25 08:33:13.307 [INFO ](c.l.c.s.i.r.ZooKeeperCommandExecutor) [command-executor-0x1115e11f] Waiting for the ZooKeeper peer (1) to join the cluster ..
2024-05-25 08:33:14.309 [INFO ](c.l.c.s.i.r.ZooKeeperCommandExecutor) [command-executor-0x1115e11f] Waiting for the ZooKeeper peer (1) to join the cluster ..
2024-05-25 08:33:15.311 [INFO ](c.l.c.s.i.r.ZooKeeperCommandExecutor) [command-executor-0x1115e11f] Waiting for the ZooKeeper peer (1) to join the cluster ..
2024-05-25 08:33:16.312 [INFO ](c.l.c.s.i.r.ZooKeeperCommandExecutor) [command-executor-0x1115e11f] Waiting for the ZooKeeper peer (1) to join the cluster ..
2024-05-25 08:33:17.320 [INFO ](c.l.c.s.i.r.ZooKeeperCommandExecutor) [command-executor-0x1115e11f] Waiting for the ZooKeeper peer (1) to join the cluster ..
2024-05-25 08:33:18.323 [INFO ](c.l.c.s.i.r.ZooKeeperCommandExecutor) [command-executor-0x1115e11f] Waiting for the ZooKeeper peer (1) to join the cluster ..
2024-05-25 08:33:19.326 [INFO ](c.l.c.s.i.r.ZooKeeperCommandExecutor) [command-executor-0x1115e11f] Waiting for the ZooKeeper peer (1) to join the cluster ..
2024-05-25 08:33:20.335 [INFO ](c.l.c.s.i.r.ZooKeeperCommandExecutor) [command-executor-0x1115e11f] Waiting for the ZooKeeper peer (1) to join the cluster ..
2024-05-25 08:33:21.341 [INFO ](c.l.c.s.i.r.ZooKeeperCommandExecutor) [command-executor-0x1115e11f] Waiting for the ZooKeeper peer (1) to join the cluster ..
2024-05-25 08:33:22.344 [INFO ](c.l.c.s.i.r.ZooKeeperCommandExecutor) [command-executor-0x1115e11f] Waiting for the ZooKeeper peer (1) to join the cluster ..
2024-05-25 08:33:23.347 [INFO ](c.l.c.s.i.r.ZooKeeperCommandExecutor) [command-executor-0x1115e11f] Waiting for the ZooKeeper peer (1) to join the cluster ..
2024-05-25 08:33:24.350 [INFO ](c.l.c.s.i.r.ZooKeeperCommandExecutor) [command-executor-0x1115e11f] Waiting for the ZooKeeper peer (1) to join the cluster ..
2024-05-25 08:33:24.530 [WARN ](o.a.z.s.q.QuorumCnxManager) [QuorumConnectionThread-[myid=1]-3] Cannot open channel to 3 at election address /172.21.0.4:36464
java.net.NoRouteToHostException: No route to host (Host unreachable)
at java.base/java.net.PlainSocketImpl.socketConnect(Native Method)
at java.base/java.net.AbstractPlainSocketImpl.doConnect(Unknown Source)
at java.base/java.net.AbstractPlainSocketImpl.connectToAddress(Unknown Source)
at java.base/java.net.AbstractPlainSocketImpl.connect(Unknown Source)
at java.base/java.net.SocksSocketImpl.connect(Unknown Source)
at java.base/java.net.Socket.connect(Unknown Source)
at org.apache.zookeeper.server.quorum.QuorumCnxManager.initiateConnection(QuorumCnxManager.java:373)
at org.apache.zookeeper.server.quorum.QuorumCnxManager$QuorumConnectionReqThread.run(QuorumCnxManager.java:436)
at java.base/java.util.concurrent.ThreadPoolExecutor.runWorker(Unknown Source)
at java.base/java.util.concurrent.ThreadPoolExecutor$Worker.run(Unknown Source)
at java.base/java.lang.Thread.run(Unknown Source)
2024-05-25 08:33:24.530 [WARN ](o.a.z.s.q.QuorumCnxManager) [QuorumConnectionThread-[myid=1]-4] Cannot open channel to 2 at election address /172.21.0.3:36464
java.net.NoRouteToHostException: No route to host (Host unreachable)
at java.base/java.net.PlainSocketImpl.socketConnect(Native Method)
at java.base/java.net.AbstractPlainSocketImpl.doConnect(Unknown Source)
at java.base/java.net.AbstractPlainSocketImpl.connectToAddress(Unknown Source)
at java.base/java.net.AbstractPlainSocketImpl.connect(Unknown Source)
at java.base/java.net.SocksSocketImpl.connect(Unknown Source)
at java.base/java.net.Socket.connect(Unknown Source)
at org.apache.zookeeper.server.quorum.QuorumCnxManager.initiateConnection(QuorumCnxManager.java:373)
at org.apache.zookeeper.server.quorum.QuorumCnxManager$QuorumConnectionReqThread.run(QuorumCnxManager.java:436)
at java.base/java.util.concurrent.ThreadPoolExecutor.runWorker(Unknown Source)
at java.base/java.util.concurrent.ThreadPoolExecutor$Worker.run(Unknown Source)
at java.base/java.lang.Thread.run(Unknown Source)
